2023-10-08 13:50:31.493 INFO  org.hibernate.validator.internal.util.Version     :21   [32m                  [0;39m HV000001: Hibernate Validator 8.0.0.Final
2023-10-08 13:50:31.528 INFO  top.chen.share.user.config.UserApplication        :51   [32m                  [0;39m Starting UserApplication using Java 17.0.4.1 with PID 8720 (D:\program\share-api\share-user\target\classes started by ChenQi in D:\program\share-api)
2023-10-08 13:50:31.528 INFO  top.chen.share.user.config.UserApplication        :630  [32m                  [0;39m No active profile set, falling back to 1 default profile: "default"
2023-10-08 13:50:32.564 INFO  o.s.boot.web.embedded.tomcat.TomcatWebServer      :108  [32m                  [0;39m Tomcat initialized with port(s): 8001 (http)
2023-10-08 13:50:32.572 INFO  org.apache.coyote.http11.Http11NioProtocol        :173  [32m                  [0;39m Initializing ProtocolHandler ["http-nio-8001"]
2023-10-08 13:50:32.574 INFO  org.apache.catalina.core.StandardService          :173  [32m                  [0;39m Starting service [Tomcat]
2023-10-08 13:50:32.574 INFO  org.apache.catalina.core.StandardEngine           :173  [32m                  [0;39m Starting Servlet engine: [Apache Tomcat/10.1.5]
2023-10-08 13:50:32.635 INFO  o.a.c.c.C.[Tomcat].[localhost].[/user-service]    :173  [32m                  [0;39m Initializing Spring embedded WebApplicationContext
2023-10-08 13:50:32.635 INFO  o.s.b.w.s.c.ServletWebServerApplicationContext    :291  [32m                  [0;39m Root WebApplicationContext: initialization completed in 1074 ms
2023-10-08 13:50:32.943 INFO  top.chen.share.common.aspect.LogAspect            :32   [32m                  [0;39m logAspect
2023-10-08 13:50:33.252 INFO  org.apache.coyote.http11.Http11NioProtocol        :173  [32m                  [0;39m Starting ProtocolHandler ["http-nio-8001"]
2023-10-08 13:50:33.266 INFO  o.s.boot.web.embedded.tomcat.TomcatWebServer      :220  [32m                  [0;39m Tomcat started on port(s): 8001 (http) with context path '/user-service'
2023-10-08 13:50:33.271 INFO  top.chen.share.user.config.UserApplication        :57   [32m                  [0;39m Started UserApplication in 2.191 seconds (process running for 2.656)
2023-10-08 13:50:33.273 INFO  top.chen.share.user.config.UserApplication        :23   [32m                  [0;39m å¯åŠ¨æˆåŠŸï¼ï¼
2023-10-08 13:50:33.273 INFO  top.chen.share.user.config.UserApplication        :24   [32m                  [0;39m æµ‹è¯•åœ°å€ï¼šhttp://127.0.0.1:8001/user-service/hello
2023-10-08 13:50:58.657 INFO  o.a.c.c.C.[Tomcat].[localhost].[/user-service]    :173  [32m                  [0;39m Initializing Spring DispatcherServlet 'dispatcherServlet'
2023-10-08 13:50:58.657 INFO  org.springframework.web.servlet.DispatcherServlet :532  [32m                  [0;39m Initializing Servlet 'dispatcherServlet'
2023-10-08 13:50:58.658 INFO  org.springframework.web.servlet.DispatcherServlet :554  [32m                  [0;39m Completed initialization in 1 ms
2023-10-08 13:50:58.749 INFO  top.chen.share.common.aspect.LogAspect            :55   [32m1696744258743he3  [0;39m --------------------å¼€å§‹--------------------
2023-10-08 13:50:58.749 INFO  top.chen.share.common.aspect.LogAspect            :56   [32m1696744258743he3  [0;39m è¯·æ±‚åœ°å€ï¼šhttp://127.0.0.1:8001/user-service/user/login POST
2023-10-08 13:50:58.750 INFO  top.chen.share.common.aspect.LogAspect            :57   [32m1696744258743he3  [0;39m ç±»åæ–¹æ³•ï¼štop.chen.share.user.controller.UserController,login
2023-10-08 13:50:58.750 INFO  top.chen.share.common.aspect.LogAspect            :58   [32m1696744258743he3  [0;39m è¿œç¨‹åœ°å€ï¼š127.0.0.1
2023-10-08 13:50:58.804 INFO  top.chen.share.common.aspect.LogAspect            :79   [32m1696744258743he3  [0;39m è¯·æ±‚å‚æ•°ï¼š[{}]
2023-10-08 13:50:58.838 WARN  c.b.m.core.toolkit.support.ReflectLambdaMeta      :41   [32m1696744258743he3  [0;39m Unable to make field private final java.lang.Class java.lang.invoke.SerializedLambda.capturingClass accessible: module java.base does not "opens java.lang.invoke" to unnamed module @3270d194
2023-10-08 13:50:58.848 INFO  com.zaxxer.hikari.HikariDataSource                :110  [32m1696744258743he3  [0;39m HikariPool-1 - Starting...
2023-10-08 13:50:59.092 INFO  com.zaxxer.hikari.pool.HikariPool                 :565  [32m1696744258743he3  [0;39m HikariPool-1 - Added connection com.mysql.cj.jdbc.ConnectionImpl@4adc9576
2023-10-08 13:50:59.094 INFO  com.zaxxer.hikari.HikariDataSource                :123  [32m1696744258743he3  [0;39m HikariPool-1 - Start completed.
2023-10-08 13:50:59.100 DEBUG top.chen.share.user.mapper.UserMapper.selectList  :137  [32m1696744258743he3  [0;39m ==>  Preparing: SELECT id,phone,password,nickname,roles,avatar_url,bonus,create_time,update_time FROM user WHERE (phone = ?)
2023-10-08 13:50:59.115 DEBUG top.chen.share.user.mapper.UserMapper.selectList  :137  [32m1696744258743he3  [0;39m ==> Parameters: 13951905171(String)
2023-10-08 13:50:59.161 DEBUG top.chen.share.user.mapper.UserMapper.selectList  :137  [32m1696744258743he3  [0;39m <==      Total: 1
2023-10-08 13:50:59.210 INFO  top.chen.share.common.util.JwtUtil                :42   [32m1696744258743he3  [0;39m ç”Ÿæˆ JWT tokenï¼šeyJ0eXAiOiJKV1QiLCJhbGciOiJIUzI1NiJ9.eyJuYmYiOjE2OTY3NDQyNTksInBob25lIjoiMTM5NTE5MDUxNzEiLCJpZCI6MSwiZXhwIjoxNjk2OTE3MDU5LCJpYXQiOjE2OTY3NDQyNTl9.QwFCW_apIaPA-JfpW2mWPMSsIPlDcrxxpaApH7cOVbo
2023-10-08 13:50:59.218 INFO  top.chen.share.common.aspect.LogAspect            :91   [32m1696744258743he3  [0;39m è¿”å›žç»“æžœï¼š{"data":{"token":"eyJ0eXAiOiJKV1QiLCJhbGciOiJIUzI1NiJ9.eyJuYmYiOjE2OTY3NDQyNTksInBob25lIjoiMTM5NTE5MDUxNzEiLCJpZCI6MSwiZXhwIjoxNjk2OTE3MDU5LCJpYXQiOjE2OTY3NDQyNTl9.QwFCW_apIaPA-JfpW2mWPMSsIPlDcrxxpaApH7cOVbo","user":{"avatarUrl":"https://i2.100024.xyz/2023/01/26/3e727b.webp","bonus":620,"createTime":1694838230000,"id":1,"nickname":"ccen","roles":"admin","updateTime":1694852630000}},"success":true}
2023-10-08 13:50:59.218 INFO  top.chen.share.common.aspect.LogAspect            :92   [32m1696744258743he3  [0;39m --------------------ç»“æŸ è€—æ—¶ï¼š475 ms --------------------
2023-10-08 13:51:10.620 INFO  top.chen.share.common.aspect.LogAspect            :55   [32m1696744270620wtm  [0;39m --------------------å¼€å§‹--------------------
2023-10-08 13:51:10.620 INFO  top.chen.share.common.aspect.LogAspect            :56   [32m1696744270620wtm  [0;39m è¯·æ±‚åœ°å€ï¼šhttp://127.0.0.1:8001/user-service/user/count GET
2023-10-08 13:51:10.620 INFO  top.chen.share.common.aspect.LogAspect            :57   [32m1696744270620wtm  [0;39m ç±»åæ–¹æ³•ï¼štop.chen.share.user.controller.UserController,count
2023-10-08 13:51:10.620 INFO  top.chen.share.common.aspect.LogAspect            :58   [32m1696744270620wtm  [0;39m è¿œç¨‹åœ°å€ï¼š127.0.0.1
2023-10-08 13:51:10.621 INFO  top.chen.share.common.aspect.LogAspect            :79   [32m1696744270620wtm  [0;39m è¯·æ±‚å‚æ•°ï¼š[]
2023-10-08 13:51:10.621 DEBUG top.chen.share.user.mapper.UserMapper.selectCount :137  [32m1696744270620wtm  [0;39m ==>  Preparing: SELECT COUNT( * ) AS total FROM user
2023-10-08 13:51:10.622 DEBUG top.chen.share.user.mapper.UserMapper.selectCount :137  [32m1696744270620wtm  [0;39m ==> Parameters: 
2023-10-08 13:51:10.626 DEBUG top.chen.share.user.mapper.UserMapper.selectCount :137  [32m1696744270620wtm  [0;39m <==      Total: 1
2023-10-08 13:51:10.627 INFO  top.chen.share.common.aspect.LogAspect            :91   [32m1696744270620wtm  [0;39m è¿”å›žç»“æžœï¼š{"data":4,"success":true}
2023-10-08 13:51:10.627 INFO  top.chen.share.common.aspect.LogAspect            :92   [32m1696744270620wtm  [0;39m --------------------ç»“æŸ è€—æ—¶ï¼š7 ms --------------------
2023-10-08 13:51:12.654 INFO  top.chen.share.common.aspect.LogAspect            :55   [32m1696744272654pqw  [0;39m --------------------å¼€å§‹--------------------
2023-10-08 13:51:12.655 INFO  top.chen.share.common.aspect.LogAspect            :56   [32m1696744272654pqw  [0;39m è¯·æ±‚åœ°å€ï¼šhttp://127.0.0.1:8001/user-service/user/count GET
2023-10-08 13:51:12.655 INFO  top.chen.share.common.aspect.LogAspect            :57   [32m1696744272654pqw  [0;39m ç±»åæ–¹æ³•ï¼štop.chen.share.user.controller.UserController,count
2023-10-08 13:51:12.655 INFO  top.chen.share.common.aspect.LogAspect            :58   [32m1696744272654pqw  [0;39m è¿œç¨‹åœ°å€ï¼š127.0.0.1
2023-10-08 13:51:12.655 INFO  top.chen.share.common.aspect.LogAspect            :79   [32m1696744272654pqw  [0;39m è¯·æ±‚å‚æ•°ï¼š[]
2023-10-08 13:51:12.656 DEBUG top.chen.share.user.mapper.UserMapper.selectCount :137  [32m1696744272654pqw  [0;39m ==>  Preparing: SELECT COUNT( * ) AS total FROM user
2023-10-08 13:51:12.657 DEBUG top.chen.share.user.mapper.UserMapper.selectCount :137  [32m1696744272654pqw  [0;39m ==> Parameters: 
2023-10-08 13:51:12.659 DEBUG top.chen.share.user.mapper.UserMapper.selectCount :137  [32m1696744272654pqw  [0;39m <==      Total: 1
2023-10-08 13:51:12.659 INFO  top.chen.share.common.aspect.LogAspect            :91   [32m1696744272654pqw  [0;39m è¿”å›žç»“æžœï¼š{"data":4,"success":true}
2023-10-08 13:51:12.659 INFO  top.chen.share.common.aspect.LogAspect            :92   [32m1696744272654pqw  [0;39m --------------------ç»“æŸ è€—æ—¶ï¼š5 ms --------------------
